[33m[nodemon] 2.0.2[39m
[33m[nodemon] to restart at any time, enter `rs`[39m
[33m[nodemon] watching dir(s): *.*[39m
[33m[nodemon] watching extensions: js,mjs,json[39m
[32m[nodemon] starting `node index.js`[39m
events.js:183
      throw er; // Unhandled 'error' event
      ^

Error: EBADF: bad file descriptor, read
[33m[nodemon] 2.0.2[39m
[33m[nodemon] to restart at any time, enter `rs`[39m
[33m[nodemon] watching dir(s): *.*[39m
[33m[nodemon] watching extensions: js,mjs,json[39m
[32m[nodemon] starting `node index.js`[39m
events.js:183
      throw er; // Unhandled 'error' event
      ^

Error: EBADF: bad file descriptor, read
[33m[nodemon] 2.0.2[39m
[33m[nodemon] to restart at any time, enter `rs`[39m
[33m[nodemon] watching dir(s): *.*[39m
[33m[nodemon] watching extensions: js,mjs,json[39m
[32m[nodemon] starting `node index.js`[39m
events.js:183
      throw er; // Unhandled 'error' event
      ^

Error: EBADF: bad file descriptor, read
Listening on port 3000...
[33m[nodemon] 2.0.2[39m
[33m[nodemon] to restart at any time, enter `rs`[39m
[33m[nodemon] watching dir(s): *.*[39m
[33m[nodemon] watching extensions: js,mjs,json[39m
[32m[nodemon] starting `node index.js`[39m
Listening on port 3000...
[32m[nodemon] restarting due to changes...[39m
[32m[nodemon] starting `node index.js`[39m
Listening on port ${port}...
[32m[nodemon] restarting due to changes...[39m
[32m[nodemon] starting `node index.js`[39m
Listening on port 3000...
[32m[nodemon] restarting due to changes...[39m
[32m[nodemon] starting `node index.js`[39m
/home/nobuya/git/webhook-receiver/index.js:12
app.get('/api/courses/:id', (req,res) =: {
                            ^^^^^^^^^

ReferenceError: Invalid left-hand side in assignment
    at createScript (vm.js:80:10)
    at Object.runInThisContext (vm.js:139:10)
    at Module._compile (module.js:616:28)
    at Object.Module._extensions..js (module.js:663:10)
    at Module.load (module.js:565:32)
    at tryModuleLoad (module.js:505:12)
    at Function.Module._load (module.js:497:3)
    at Function.Module.runMain (module.js:693:10)
    at startup (bootstrap_node.js:188:16)
    at bootstrap_node.js:609:3
[31m[nodemon] app crashed - waiting for file changes before starting...[39m
[32m[nodemon] restarting due to changes...[39m
[32m[nodemon] starting `node index.js`[39m
/home/nobuya/git/webhook-receiver/index.js:12
app.get('/api/courses/:id', (req,res) =: {
                            ^^^^^^^^^

ReferenceError: Invalid left-hand side in assignment
    at createScript (vm.js:80:10)
    at Object.runInThisContext (vm.js:139:10)
    at Module._compile (module.js:616:28)
    at Object.Module._extensions..js (module.js:663:10)
    at Module.load (module.js:565:32)
    at tryModuleLoad (module.js:505:12)
    at Function.Module._load (module.js:497:3)
    at Function.Module.runMain (module.js:693:10)
    at startup (bootstrap_node.js:188:16)
    at bootstrap_node.js:609:3
[31m[nodemon] app crashed - waiting for file changes before starting...[39m
[32m[nodemon] restarting due to changes...[39m
[32m[nodemon] starting `node index.js`[39m
/home/nobuya/git/webhook-receiver/index.js:12
app.get('/api/courses/:id', (req,res) =: {
                            ^^^^^^^^^

ReferenceError: Invalid left-hand side in assignment
    at createScript (vm.js:80:10)
    at Object.runInThisContext (vm.js:139:10)
    at Module._compile (module.js:616:28)
    at Object.Module._extensions..js (module.js:663:10)
    at Module.load (module.js:565:32)
    at tryModuleLoad (module.js:505:12)
    at Function.Module._load (module.js:497:3)
    at Function.Module.runMain (module.js:693:10)
    at startup (bootstrap_node.js:188:16)
    at bootstrap_node.js:609:3
[31m[nodemon] app crashed - waiting for file changes before starting...[39m
[33m[nodemon] 2.0.2[39m
[33m[nodemon] to restart at any time, enter `rs`[39m
[33m[nodemon] watching dir(s): *.*[39m
[33m[nodemon] watching extensions: js,mjs,json[39m
[32m[nodemon] starting `node index.js`[39m
/home/nobuya/git/webhook-receiver/index.js:12
app.get('/api/courses/:id', (req,res) =: {
                            ^^^^^^^^^

ReferenceError: Invalid left-hand side in assignment
    at createScript (vm.js:80:10)
    at Object.runInThisContext (vm.js:139:10)
    at Module._compile (module.js:616:28)
    at Object.Module._extensions..js (module.js:663:10)
    at Module.load (module.js:565:32)
    at tryModuleLoad (module.js:505:12)
    at Function.Module._load (module.js:497:3)
    at Function.Module.runMain (module.js:693:10)
    at startup (bootstrap_node.js:188:16)
    at bootstrap_node.js:609:3
[31m[nodemon] app crashed - waiting for file changes before starting...[39m
[32m[nodemon] restarting due to changes...[39m
[32m[nodemon] starting `node index.js`[39m
/home/nobuya/git/webhook-receiver/index.js:12
app.get('/api/courses/:id', (req,res) =: {
                            ^^^^^^^^^

ReferenceError: Invalid left-hand side in assignment
    at createScript (vm.js:80:10)
    at Object.runInThisContext (vm.js:139:10)
    at Module._compile (module.js:616:28)
    at Object.Module._extensions..js (module.js:663:10)
    at Module.load (module.js:565:32)
    at tryModuleLoad (module.js:505:12)
    at Function.Module._load (module.js:497:3)
    at Function.Module.runMain (module.js:693:10)
    at startup (bootstrap_node.js:188:16)
    at bootstrap_node.js:609:3
[31m[nodemon] app crashed - waiting for file changes before starting...[39m
[32m[nodemon] restarting due to changes...[39m
[32m[nodemon] starting `node index.js`[39m
Listening on port 5000...
[32m[nodemon] restarting due to changes...[39m
[32m[nodemon] starting `node index.js`[39m
Listening on port 5000...
[32m[nodemon] restarting due to changes...[39m
[32m[nodemon] starting `node index.js`[39m
Listening on port 5000...
[32m[nodemon] restarting due to changes...[39m
[32m[nodemon] starting `node index.js`[39m
Listening on port 5000...
[32m[nodemon] restarting due to changes...[39m
[32m[nodemon] starting `node index.js`[39m
Listening on port 5000...
[32m[nodemon] restarting due to changes...[39m
[32m[nodemon] starting `node index.js`[39m
Listening on port 5000...
[32m[nodemon] restarting due to changes...[39m
[32m[nodemon] starting `node index.js`[39m
Listening on port 5000...
[32m[nodemon] restarting due to changes...[39m
[32m[nodemon] starting `node index.js`[39m
Listening on port 5000...
